<?xml version="1.0" encoding="UTF-8"?>
<!-- Generated by org.testng.reporters.JUnitXMLReporter -->
<testsuite hostname="DESKTOP-M29LCV2" ignored="0" name="Shoe Store" tests="6" failures="0" timestamp="18 May 2017 13:45:24 GMT" time="27.362" errors="0">
  <testcase name="verDesp" time="0.264" classname="com.com.tests.ItemsTest"/>
  <testcase name="verImages" time="0.15" classname="com.com.tests.ItemsTest"/>
  <testcase name="verPageItems" time="0.022" classname="com.com.tests.ItemsTest"/>
  <testcase name="verPrice" time="0.151" classname="com.com.tests.ItemsTest"/>
  <testcase name="VfyEmail" time="1.762" classname="com.com.tests.EmailTest"/>
  <testcase name="verPageTitle" time="0.025" classname="com.com.tests.EmailTest"/>
</testsuite> <!-- Shoe Store -->
